<?xml version="1.0" encoding="UTF-8"?>
<testng-results skipped="0" failed="0" ignored="0" total="1" passed="1">
  <reporter-output>
  </reporter-output>
  <suite name="Default suite" duration-ms="19141" started-at="2019-03-17T06:54:05Z" finished-at="2019-03-17T06:54:24Z">
    <groups>
    </groups>
    <test name="Default test" duration-ms="19141" started-at="2019-03-17T06:54:05Z" finished-at="2019-03-17T06:54:24Z">
      <class name="designPattern.DemoAmazonPageFactory">
        <test-method status="PASS" signature="invokeBrowser()[pri:0, instance:designPattern.DemoAmazonPageFactory@18be83e4]" name="invokeBrowser" is-config="true" duration-ms="10685" started-at="2019-03-17T06:54:05Z" finished-at="2019-03-17T06:54:15Z">
          <reporter-output>
          </reporter-output>
        </test-method> <!-- invokeBrowser -->
        <test-method status="PASS" signature="searchProduct()[pri:0, instance:designPattern.DemoAmazonPageFactory@18be83e4]" name="searchProduct" duration-ms="7337" started-at="2019-03-17T06:54:15Z" finished-at="2019-03-17T06:54:23Z">
          <reporter-output>
          </reporter-output>
        </test-method> <!-- searchProduct -->
        <test-method status="PASS" signature="closeBrowser()[pri:0, instance:designPattern.DemoAmazonPageFactory@18be83e4]" name="closeBrowser" is-config="true" duration-ms="1069" started-at="2019-03-17T06:54:23Z" finished-at="2019-03-17T06:54:24Z">
          <reporter-output>
          </reporter-output>
        </test-method> <!-- closeBrowser -->
      </class> <!-- designPattern.DemoAmazonPageFactory -->
    </test> <!-- Default test -->
  </suite> <!-- Default suite -->
</testng-results>
