<?xml version="1.0" encoding="UTF-8"?>
<testng-results skipped="0" failed="0" ignored="0" total="2" passed="2">
  <reporter-output>
  </reporter-output>
  <suite name="Default suite" duration-ms="1569" started-at="2019-04-06T07:02:41Z" finished-at="2019-04-06T07:02:42Z">
    <groups>
    </groups>
    <test name="Default test" duration-ms="1569" started-at="2019-04-06T07:02:41Z" finished-at="2019-04-06T07:02:42Z">
      <class name="demo.DemoTestDataProvider">
        <test-method status="PASS" signature="printTestData(java.lang.String, java.lang.String)[pri:0, instance:demo.DemoTestDataProvider@6f7fd0e6]" name="printTestData" duration-ms="19" started-at="2019-04-06T07:02:42Z" data-provider="getData" finished-at="2019-04-06T07:02:42Z">
          <params>
            <param index="0">
              <value>
                <![CDATA[saurabh.d2106@gmail.com]]>
              </value>
            </param>
            <param index="1">
              <value>
                <![CDATA[Pro@1234]]>
              </value>
            </param>
          </params>
          <reporter-output>
          </reporter-output>
        </test-method> <!-- printTestData -->
        <test-method status="PASS" signature="printTestData(java.lang.String, java.lang.String)[pri:0, instance:demo.DemoTestDataProvider@6f7fd0e6]" name="printTestData" duration-ms="3" started-at="2019-04-06T07:02:42Z" data-provider="getData" finished-at="2019-04-06T07:02:42Z">
          <params>
            <param index="0">
              <value>
                <![CDATA[gaurav@gmail.com]]>
              </value>
            </param>
            <param index="1">
              <value>
                <![CDATA[xmy@123]]>
              </value>
            </param>
          </params>
          <reporter-output>
          </reporter-output>
        </test-method> <!-- printTestData -->
      </class> <!-- demo.DemoTestDataProvider -->
    </test> <!-- Default test -->
  </suite> <!-- Default suite -->
</testng-results>
